TN:
SF:src/MelodyCoin.sol
DA:46,6
FN:46,MelodyCoin.onlyOwner
FNDA:6,MelodyCoin.onlyOwner
DA:47,6
BRDA:47,0,0,1
DA:48,1
DA:53,8
FN:53,MelodyCoin.isContractPaused
FNDA:8,MelodyCoin.isContractPaused
DA:54,1
BRDA:54,1,0,1
DA:55,1
DA:60,8
FN:60,MelodyCoin.noZeroAddrTransfer
FNDA:8,MelodyCoin.noZeroAddrTransfer
DA:61,8
BRDA:61,2,0,-
DA:62,0
DA:67,3
FN:67,MelodyCoin.hasSufficientFunds
FNDA:3,MelodyCoin.hasSufficientFunds
DA:68,3
BRDA:68,3,0,1
DA:69,1
DA:74,146
FN:74,MelodyCoin.faucetMaxBalanceCheck
FNDA:146,MelodyCoin.faucetMaxBalanceCheck
DA:75,146
BRDA:75,4,0,1
DA:76,1
DA:81,147
FN:81,MelodyCoin.faucetDayIntervalCheck
FNDA:147,MelodyCoin.faucetDayIntervalCheck
DA:83,147
DA:84,147
DA:85,1
BRDA:85,5,0,1
DA:86,1
DA:91,145
FN:91,MelodyCoin.faucetBalanceCheck
FNDA:145,MelodyCoin.faucetBalanceCheck
DA:92,145
BRDA:92,6,0,1
DA:93,1
DA:98,4
FN:98,MelodyCoin.maxCapCheck
FNDA:4,MelodyCoin.maxCapCheck
DA:99,4
BRDA:99,7,0,1
DA:100,1
DA:105,2
FN:105,MelodyCoin.hasSufficientAllowance
FNDA:2,MelodyCoin.hasSufficientAllowance
DA:106,2
BRDA:106,8,0,1
DA:107,1
DA:112,7
FN:112,MelodyCoin.checkApprovalRace
FNDA:7,MelodyCoin.checkApprovalRace
DA:114,7
BRDA:114,9,0,7
DA:115,7
BRDA:115,10,0,1
DA:116,1
DA:129,26
FN:129,MelodyCoin.constructor
FNDA:26,MelodyCoin.constructor
DA:136,26
BRDA:136,11,0,-
BRDA:136,11,1,26
DA:140,26
DA:141,26
DA:142,26
DA:143,26
DA:144,26
DA:145,26
DA:146,26
DA:147,26
DA:148,26
DA:150,26
DA:156,1
FN:156,MelodyCoin.name
FNDA:1,MelodyCoin.name
DA:157,1
DA:163,1
FN:163,MelodyCoin.symbol
FNDA:1,MelodyCoin.symbol
DA:164,1
DA:170,1
FN:170,MelodyCoin.decimals
FNDA:1,MelodyCoin.decimals
DA:171,1
DA:177,1
FN:177,MelodyCoin.totalSupply
FNDA:1,MelodyCoin.totalSupply
DA:178,1
DA:186,9
FN:186,MelodyCoin.balanceOf
FNDA:9,MelodyCoin.balanceOf
DA:187,9
DA:196,4
FN:196,MelodyCoin.transfer
FNDA:4,MelodyCoin.transfer
DA:206,1
DA:208,1
DA:209,1
DA:211,1
DA:212,1
DA:213,1
DA:222,8
FN:222,MelodyCoin.approve
FNDA:8,MelodyCoin.approve
DA:232,6
DA:233,6
DA:234,6
DA:243,1
FN:243,MelodyCoin.allowance
FNDA:1,MelodyCoin.allowance
DA:247,1
DA:257,3
FN:257,MelodyCoin.transferFrom
FNDA:3,MelodyCoin.transferFrom
DA:268,1
DA:269,1
DA:270,1
DA:271,1
DA:272,1
DA:273,1
DA:274,1
DA:282,6
FN:282,MelodyCoin.mint
FNDA:6,MelodyCoin.mint
DA:286,3
DA:287,3
DA:289,3
DA:290,3
DA:291,3
DA:293,3
DA:294,3
DA:301,2
FN:301,MelodyCoin.burn
FNDA:2,MelodyCoin.burn
DA:302,2
DA:303,2
DA:306,2
DA:307,2
DA:309,2
DA:315,147
FN:315,MelodyCoin.getFaucetAssets
FNDA:147,MelodyCoin.getFaucetAssets
DA:322,144
DA:323,144
DA:325,144
DA:326,144
DA:333,6
FN:333,MelodyCoin.togglePause
FNDA:6,MelodyCoin.togglePause
DA:334,6
DA:335,5
BRDA:335,12,0,5
BRDA:335,12,1,1
DA:336,5
DA:338,1
DA:342,0
FN:342,MelodyCoin.receive
FNDA:0,MelodyCoin.receive
DA:343,0
FNF:25
FNH:24
LF:102
LH:99
BRF:15
BRH:13
end_of_record
