TN:
SF:script/MelodyCoin.s.sol
DA:14,0
FN:14,MelodyCoinScript.setUp
FNDA:0,MelodyCoinScript.setUp
DA:16,0
FN:16,MelodyCoinScript.run
FNDA:0,MelodyCoinScript.run
DA:17,0
DA:18,0
DA:19,0
DA:20,0
DA:21,0
DA:22,0
DA:23,0
DA:24,0
DA:25,0
FNF:2
FNH:0
LF:11
LH:0
BRF:0
BRH:0
end_of_record
TN:
SF:src/MelodyCoin.sol
DA:48,6
FN:48,MelodyCoin.onlyOwner
FNDA:6,MelodyCoin.onlyOwner
DA:49,6
BRDA:49,0,0,1
DA:50,1
DA:55,8
FN:55,MelodyCoin.isContractPaused
FNDA:8,MelodyCoin.isContractPaused
DA:56,1
BRDA:56,1,0,1
DA:57,1
DA:62,8
FN:62,MelodyCoin.noZeroAddrTransfer
FNDA:8,MelodyCoin.noZeroAddrTransfer
DA:63,8
BRDA:63,2,0,-
DA:64,0
DA:69,3
FN:69,MelodyCoin.hasSufficientFunds
FNDA:3,MelodyCoin.hasSufficientFunds
DA:70,3
BRDA:70,3,0,1
DA:71,1
DA:76,146
FN:76,MelodyCoin.faucetMaxBalanceCheck
FNDA:146,MelodyCoin.faucetMaxBalanceCheck
DA:77,146
BRDA:77,4,0,1
DA:78,1
DA:83,147
FN:83,MelodyCoin.faucetDayIntervalCheck
FNDA:147,MelodyCoin.faucetDayIntervalCheck
DA:84,147
BRDA:84,5,0,1
DA:85,1
DA:90,145
FN:90,MelodyCoin.faucetBalanceCheck
FNDA:145,MelodyCoin.faucetBalanceCheck
DA:91,145
BRDA:91,6,0,1
DA:92,1
DA:97,4
FN:97,MelodyCoin.maxCapCheck
FNDA:4,MelodyCoin.maxCapCheck
DA:98,4
BRDA:98,7,0,1
DA:99,1
DA:104,2
FN:104,MelodyCoin.hasSufficientAllowance
FNDA:2,MelodyCoin.hasSufficientAllowance
DA:105,2
BRDA:105,8,0,1
DA:106,1
DA:111,7
FN:111,MelodyCoin.checkApprovalRace
FNDA:7,MelodyCoin.checkApprovalRace
DA:113,7
BRDA:113,9,0,7
DA:114,7
BRDA:114,10,0,1
DA:115,1
DA:126,27
FN:126,MelodyCoin.constructor
FNDA:27,MelodyCoin.constructor
DA:127,27
BRDA:127,11,0,-
BRDA:127,11,1,27
DA:128,27
DA:129,27
DA:130,27
DA:131,27
DA:132,27
DA:133,27
DA:134,27
DA:135,27
DA:136,27
DA:138,27
DA:144,1
FN:144,MelodyCoin.name
FNDA:1,MelodyCoin.name
DA:145,1
DA:151,1
FN:151,MelodyCoin.symbol
FNDA:1,MelodyCoin.symbol
DA:152,1
DA:158,1
FN:158,MelodyCoin.decimals
FNDA:1,MelodyCoin.decimals
DA:159,1
DA:165,1
FN:165,MelodyCoin.totalSupply
FNDA:1,MelodyCoin.totalSupply
DA:166,1
DA:174,9
FN:174,MelodyCoin.balanceOf
FNDA:9,MelodyCoin.balanceOf
DA:175,9
DA:184,4
FN:184,MelodyCoin.transfer
FNDA:4,MelodyCoin.transfer
DA:191,1
DA:193,1
DA:194,1
DA:196,1
DA:197,1
DA:198,1
DA:207,8
FN:207,MelodyCoin.approve
FNDA:8,MelodyCoin.approve
DA:214,6
DA:215,6
DA:216,6
DA:225,1
FN:225,MelodyCoin.allowance
FNDA:1,MelodyCoin.allowance
DA:226,1
DA:236,3
FN:236,MelodyCoin.transferFrom
FNDA:3,MelodyCoin.transferFrom
DA:243,1
DA:244,1
DA:245,1
DA:246,1
DA:247,1
DA:248,1
DA:249,1
DA:257,6
FN:257,MelodyCoin.mint
FNDA:6,MelodyCoin.mint
DA:258,3
DA:259,3
DA:261,3
DA:262,3
DA:263,3
DA:265,3
DA:266,3
DA:273,2
FN:273,MelodyCoin.burn
FNDA:2,MelodyCoin.burn
DA:274,2
DA:275,2
DA:277,2
DA:278,2
DA:280,2
DA:286,147
FN:286,MelodyCoin.getFaucetAssets
FNDA:147,MelodyCoin.getFaucetAssets
DA:293,144
DA:294,144
DA:296,144
DA:297,144
DA:300,6
FN:300,MelodyCoin.togglePause
FNDA:6,MelodyCoin.togglePause
DA:301,6
DA:302,5
BRDA:302,12,0,5
BRDA:302,12,1,1
DA:303,5
DA:305,1
DA:309,1
FN:309,MelodyCoin.receive
FNDA:1,MelodyCoin.receive
DA:310,1
FNF:25
FNH:25
LF:100
LH:99
BRF:15
BRH:13
end_of_record
